app/build/intermediates/manifest_merge_blame_file/debug/processDebugMainManifest/manifest-merger-blame-debug-report.txt
1<?xml version="1.0" encoding="utf-8"?>
2<manifest xmlns:android="http://schemas.android.com/apk/res/android"
3    package="com.example.gestion_univ"
4    android:versionCode="1"
5    android:versionName="1.0" >
6
7    <uses-sdk
8        android:minSdkVersion="26"
9        android:targetSdkVersion="34" />
10
11    <uses-permission android:name="android.permission.INTERNET" />
11-->src\main\AndroidManifest.xml:5:5-67
11-->src\main\AndroidManifest.xml:5:22-64
12    <uses-permission android:name="android.permission.ACCESS_NETWORK_STATE" />
12-->src\main\AndroidManifest.xml:6:5-79
12-->src\main\AndroidManifest.xml:6:22-76
13    <uses-permission android:name="android.permission.READ_EXTERNAL_STORAGE" />
13-->src\main\AndroidManifest.xml:7:5-80
13-->src\main\AndroidManifest.xml:7:22-77
14    <uses-permission android:name="android.permission.WRITE_EXTERNAL_STORAGE" />
14-->src\main\AndroidManifest.xml:8:5-81
14-->src\main\AndroidManifest.xml:8:22-78
15    <uses-permission android:name="android.permission.READ_MEDIA_IMAGES" />
15-->src\main\AndroidManifest.xml:9:5-76
15-->src\main\AndroidManifest.xml:9:22-73
16    <uses-permission android:name="android.permission.CAMERA" />
16-->src\main\AndroidManifest.xml:10:5-65
16-->src\main\AndroidManifest.xml:10:22-62
17    <uses-permission android:name="android.permission.POST_NOTIFICATIONS" />
17-->src\main\AndroidManifest.xml:11:5-77
17-->src\main\AndroidManifest.xml:11:22-74
18
19    <uses-feature android:name="android.hardware.camera" />
19-->src\main\AndroidManifest.xml:13:5-60
19-->src\main\AndroidManifest.xml:13:19-57
20    <uses-feature android:name="android.hardware.camera.autofocus" />
20-->src\main\AndroidManifest.xml:14:5-70
20-->src\main\AndroidManifest.xml:14:19-67
21    <uses-feature
21-->[com.journeyapps:zxing-android-embedded:4.3.0] AndroidManifest.xml:28:5-30:36
22        android:name="android.hardware.camera.front"
22-->[com.journeyapps:zxing-android-embedded:4.3.0] AndroidManifest.xml:29:9-53
23        android:required="false" />
23-->[com.journeyapps:zxing-android-embedded:4.3.0] AndroidManifest.xml:30:9-33
24    <uses-feature
24-->[com.journeyapps:zxing-android-embedded:4.3.0] AndroidManifest.xml:36:5-38:36
25        android:name="android.hardware.camera.flash"
25-->[com.journeyapps:zxing-android-embedded:4.3.0] AndroidManifest.xml:37:9-53
26        android:required="false" />
26-->[com.journeyapps:zxing-android-embedded:4.3.0] AndroidManifest.xml:38:9-33
27    <uses-feature
27-->[com.journeyapps:zxing-android-embedded:4.3.0] AndroidManifest.xml:39:5-41:36
28        android:name="android.hardware.screen.landscape"
28-->[com.journeyapps:zxing-android-embedded:4.3.0] AndroidManifest.xml:40:9-57
29        android:required="false" />
29-->[com.journeyapps:zxing-android-embedded:4.3.0] AndroidManifest.xml:41:9-33
30    <uses-feature
30-->[com.journeyapps:zxing-android-embedded:4.3.0] AndroidManifest.xml:42:5-44:36
31        android:name="android.hardware.wifi"
31-->[com.journeyapps:zxing-android-embedded:4.3.0] AndroidManifest.xml:43:9-45
32        android:required="false" />
32-->[com.journeyapps:zxing-android-embedded:4.3.0] AndroidManifest.xml:44:9-33
33
34    <uses-permission android:name="com.google.android.providers.gsf.permission.READ_GSERVICES" />
34-->[com.google.android.recaptcha:recaptcha:18.4.0] AndroidManifest.xml:9:5-98
34-->[com.google.android.recaptcha:recaptcha:18.4.0] AndroidManifest.xml:9:22-95
35
36    <permission
36-->[androidx.core:core:1.9.0] AndroidManifest.xml:22:5-24:47
37        android:name="com.example.gestion_univ.DYNAMIC_RECEIVER_NOT_EXPORTED_PERMISSION"
37-->[androidx.core:core:1.9.0] AndroidManifest.xml:23:9-81
38        android:protectionLevel="signature" />
38-->[androidx.core:core:1.9.0] AndroidManifest.xml:24:9-44
39
40    <uses-permission android:name="com.example.gestion_univ.DYNAMIC_RECEIVER_NOT_EXPORTED_PERMISSION" />
40-->[androidx.core:core:1.9.0] AndroidManifest.xml:26:5-97
40-->[androidx.core:core:1.9.0] AndroidManifest.xml:26:22-94
41
42    <application
42-->src\main\AndroidManifest.xml:16:5-195:19
43        android:allowBackup="true"
43-->src\main\AndroidManifest.xml:17:9-35
44        android:appComponentFactory="androidx.core.app.CoreComponentFactory"
44-->[androidx.core:core:1.9.0] AndroidManifest.xml:28:18-86
45        android:dataExtractionRules="@xml/data_extraction_rules"
45-->src\main\AndroidManifest.xml:18:9-65
46        android:debuggable="true"
47        android:extractNativeLibs="false"
48        android:fullBackupContent="@xml/backup_rules"
48-->src\main\AndroidManifest.xml:19:9-54
49        android:icon="@mipmap/ic_launcher"
49-->src\main\AndroidManifest.xml:20:9-43
50        android:label="@string/app_name"
50-->src\main\AndroidManifest.xml:21:9-41
51        android:roundIcon="@mipmap/ic_launcher_round"
51-->src\main\AndroidManifest.xml:22:9-54
52        android:supportsRtl="true"
52-->src\main\AndroidManifest.xml:23:9-35
53        android:testOnly="true"
54        android:theme="@style/Theme.Gestion_Univ" >
54-->src\main\AndroidManifest.xml:24:9-50
55        <activity
55-->src\main\AndroidManifest.xml:26:9-28:40
56            android:name="com.example.gestion_univ.DetailActivityCours"
56-->src\main\AndroidManifest.xml:27:13-48
57            android:exported="false" />
57-->src\main\AndroidManifest.xml:28:13-37
58        <activity
58-->src\main\AndroidManifest.xml:29:9-31:40
59            android:name="com.example.gestion_univ.FullScreenImageActivity"
59-->src\main\AndroidManifest.xml:30:13-52
60            android:exported="false" />
60-->src\main\AndroidManifest.xml:31:13-37
61        <activity
61-->src\main\AndroidManifest.xml:32:9-34:40
62            android:name="com.example.gestion_univ.uploadEvent"
62-->src\main\AndroidManifest.xml:33:13-40
63            android:exported="false" />
63-->src\main\AndroidManifest.xml:34:13-37
64        <activity
64-->src\main\AndroidManifest.xml:35:9-37:40
65            android:name="com.example.gestion_univ.updateEvent"
65-->src\main\AndroidManifest.xml:36:13-40
66            android:exported="false" />
66-->src\main\AndroidManifest.xml:37:13-37
67        <activity
67-->src\main\AndroidManifest.xml:38:9-40:40
68            android:name="com.example.gestion_univ.Evenement"
68-->src\main\AndroidManifest.xml:39:13-38
69            android:exported="false" />
69-->src\main\AndroidManifest.xml:40:13-37
70        <activity
70-->src\main\AndroidManifest.xml:41:9-43:40
71            android:name="com.example.gestion_univ.DetailActivity4"
71-->src\main\AndroidManifest.xml:42:13-44
72            android:exported="false" />
72-->src\main\AndroidManifest.xml:43:13-37
73        <activity
73-->src\main\AndroidManifest.xml:44:9-46:40
74            android:name="com.example.gestion_univ.choixSalle1"
74-->src\main\AndroidManifest.xml:45:13-40
75            android:exported="false" />
75-->src\main\AndroidManifest.xml:46:13-37
76        <activity
76-->src\main\AndroidManifest.xml:47:9-49:40
77            android:name="com.example.gestion_univ.updateCours"
77-->src\main\AndroidManifest.xml:48:13-40
78            android:exported="false" />
78-->src\main\AndroidManifest.xml:49:13-37
79        <activity
79-->src\main\AndroidManifest.xml:50:9-52:40
80            android:name="com.example.gestion_univ.choixSalle"
80-->src\main\AndroidManifest.xml:51:13-39
81            android:exported="false" />
81-->src\main\AndroidManifest.xml:52:13-37
82        <activity
82-->src\main\AndroidManifest.xml:53:9-55:40
83            android:name="com.example.gestion_univ.photoEtudiant"
83-->src\main\AndroidManifest.xml:54:13-42
84            android:exported="false" />
84-->src\main\AndroidManifest.xml:55:13-37
85        <activity
85-->src\main\AndroidManifest.xml:56:9-58:40
86            android:name="com.example.gestion_univ.UpdateStudent"
86-->src\main\AndroidManifest.xml:57:13-42
87            android:exported="false" />
87-->src\main\AndroidManifest.xml:58:13-37
88        <activity
88-->src\main\AndroidManifest.xml:59:9-61:40
89            android:name="com.example.gestion_univ.DetailActivity1"
89-->src\main\AndroidManifest.xml:60:13-44
90            android:exported="false" />
90-->src\main\AndroidManifest.xml:61:13-37
91        <activity
91-->src\main\AndroidManifest.xml:62:9-64:40
92            android:name="com.example.gestion_univ.DetailActivity2"
92-->src\main\AndroidManifest.xml:63:13-44
93            android:exported="false" />
93-->src\main\AndroidManifest.xml:64:13-37
94        <activity
94-->src\main\AndroidManifest.xml:65:9-67:40
95            android:name="com.example.gestion_univ.verificationEmail"
95-->src\main\AndroidManifest.xml:66:13-46
96            android:exported="false" />
96-->src\main\AndroidManifest.xml:67:13-37
97        <activity
97-->src\main\AndroidManifest.xml:68:9-70:40
98            android:name="com.example.gestion_univ.detailUser"
98-->src\main\AndroidManifest.xml:69:13-39
99            android:exported="false" />
99-->src\main\AndroidManifest.xml:70:13-37
100        <activity
100-->src\main\AndroidManifest.xml:71:9-73:40
101            android:name="com.example.gestion_univ.Utilisateur"
101-->src\main\AndroidManifest.xml:72:13-40
102            android:exported="false" />
102-->src\main\AndroidManifest.xml:73:13-37
103        <activity
103-->src\main\AndroidManifest.xml:74:9-76:40
104            android:name="com.example.gestion_univ.updateSalle"
104-->src\main\AndroidManifest.xml:75:13-40
105            android:exported="false" />
105-->src\main\AndroidManifest.xml:76:13-37
106        <activity
106-->src\main\AndroidManifest.xml:77:9-79:40
107            android:name="com.example.gestion_univ.detailActivity3"
107-->src\main\AndroidManifest.xml:78:13-44
108            android:exported="false" />
108-->src\main\AndroidManifest.xml:79:13-37
109        <activity
109-->src\main\AndroidManifest.xml:80:9-82:40
110            android:name="com.example.gestion_univ.ScannerActivity3"
110-->src\main\AndroidManifest.xml:81:13-45
111            android:exported="false" />
111-->src\main\AndroidManifest.xml:82:13-37
112        <activity
112-->src\main\AndroidManifest.xml:83:9-85:40
113            android:name="com.example.gestion_univ.ScannerActivity2"
113-->src\main\AndroidManifest.xml:84:13-45
114            android:exported="false" />
114-->src\main\AndroidManifest.xml:85:13-37
115        <activity
115-->src\main\AndroidManifest.xml:86:9-88:40
116            android:name="com.example.gestion_univ.editPDP1"
116-->src\main\AndroidManifest.xml:87:13-37
117            android:exported="false" />
117-->src\main\AndroidManifest.xml:88:13-37
118        <activity
118-->src\main\AndroidManifest.xml:89:9-91:40
119            android:name="com.example.gestion_univ.choosePDP1"
119-->src\main\AndroidManifest.xml:90:13-39
120            android:exported="false" />
120-->src\main\AndroidManifest.xml:91:13-37
121        <activity
121-->src\main\AndroidManifest.xml:92:9-94:40
122            android:name="com.example.gestion_univ.editProfil1"
122-->src\main\AndroidManifest.xml:93:13-40
123            android:exported="false" />
123-->src\main\AndroidManifest.xml:94:13-37
124        <activity
124-->src\main\AndroidManifest.xml:95:9-97:40
125            android:name="com.example.gestion_univ.ProfileUser"
125-->src\main\AndroidManifest.xml:96:13-40
126            android:exported="false" />
126-->src\main\AndroidManifest.xml:97:13-37
127        <activity
127-->src\main\AndroidManifest.xml:98:9-100:40
128            android:name="com.example.gestion_univ.UploadSalle"
128-->src\main\AndroidManifest.xml:99:13-40
129            android:exported="false" />
129-->src\main\AndroidManifest.xml:100:13-37
130        <activity
130-->src\main\AndroidManifest.xml:101:9-103:40
131            android:name="com.example.gestion_univ.Salle"
131-->src\main\AndroidManifest.xml:102:13-34
132            android:exported="false" />
132-->src\main\AndroidManifest.xml:103:13-37
133        <activity
133-->src\main\AndroidManifest.xml:104:9-106:40
134            android:name="com.example.gestion_univ.MainActivity2"
134-->src\main\AndroidManifest.xml:105:13-42
135            android:exported="false" />
135-->src\main\AndroidManifest.xml:106:13-37
136        <activity
136-->src\main\AndroidManifest.xml:107:9-109:40
137            android:name="com.example.gestion_univ.ScannerActivity"
137-->src\main\AndroidManifest.xml:108:13-44
138            android:exported="false" />
138-->src\main\AndroidManifest.xml:109:13-37
139        <activity
139-->src\main\AndroidManifest.xml:110:9-113:58
140            android:name="com.example.gestion_univ.UploadCours"
140-->src\main\AndroidManifest.xml:111:13-40
141            android:exported="false"
141-->src\main\AndroidManifest.xml:112:13-37
142            android:windowSoftInputMode="adjustResize" />
142-->src\main\AndroidManifest.xml:113:13-55
143        <activity
143-->src\main\AndroidManifest.xml:114:9-116:40
144            android:name="com.example.gestion_univ.Cours"
144-->src\main\AndroidManifest.xml:115:13-34
145            android:exported="false" />
145-->src\main\AndroidManifest.xml:116:13-37
146        <activity
146-->src\main\AndroidManifest.xml:117:9-119:40
147            android:name="com.example.gestion_univ.photoEnseignant"
147-->src\main\AndroidManifest.xml:118:13-44
148            android:exported="false" />
148-->src\main\AndroidManifest.xml:119:13-37
149        <activity
149-->src\main\AndroidManifest.xml:120:9-122:40
150            android:name="com.example.gestion_univ.UploadStudent"
150-->src\main\AndroidManifest.xml:121:13-42
151            android:exported="false" />
151-->src\main\AndroidManifest.xml:122:13-37
152        <activity
152-->src\main\AndroidManifest.xml:123:9-125:40
153            android:name="com.example.gestion_univ.UpdateTeacher"
153-->src\main\AndroidManifest.xml:124:13-42
154            android:exported="false" />
154-->src\main\AndroidManifest.xml:125:13-37
155        <activity
155-->src\main\AndroidManifest.xml:126:9-128:40
156            android:name="com.example.gestion_univ.DetailActivity"
156-->src\main\AndroidManifest.xml:127:13-43
157            android:exported="false" />
157-->src\main\AndroidManifest.xml:128:13-37
158        <activity
158-->src\main\AndroidManifest.xml:129:9-132:58
159            android:name="com.example.gestion_univ.UpdloadTeacher"
159-->src\main\AndroidManifest.xml:130:13-43
160            android:exported="false"
160-->src\main\AndroidManifest.xml:131:13-37
161            android:windowSoftInputMode="adjustResize" />
161-->src\main\AndroidManifest.xml:132:13-55
162        <activity
162-->src\main\AndroidManifest.xml:133:9-135:40
163            android:name="com.example.gestion_univ.choosePDP"
163-->src\main\AndroidManifest.xml:134:13-38
164            android:exported="false" />
164-->src\main\AndroidManifest.xml:135:13-37
165        <activity
165-->src\main\AndroidManifest.xml:136:9-138:40
166            android:name="com.example.gestion_univ.editPDP"
166-->src\main\AndroidManifest.xml:137:13-36
167            android:exported="false" />
167-->src\main\AndroidManifest.xml:138:13-37
168        <activity
168-->src\main\AndroidManifest.xml:139:9-141:40
169            android:name="com.example.gestion_univ.editProfil"
169-->src\main\AndroidManifest.xml:140:13-39
170            android:exported="false" />
170-->src\main\AndroidManifest.xml:141:13-37
171        <activity
171-->src\main\AndroidManifest.xml:142:9-144:40
172            android:name="com.example.gestion_univ.ProfileAdmin"
172-->src\main\AndroidManifest.xml:143:13-41
173            android:exported="false" />
173-->src\main\AndroidManifest.xml:144:13-37
174        <activity
174-->src\main\AndroidManifest.xml:145:9-147:40
175            android:name="com.example.gestion_univ.mode"
175-->src\main\AndroidManifest.xml:146:13-33
176            android:exported="false" />
176-->src\main\AndroidManifest.xml:147:13-37
177        <activity
177-->src\main\AndroidManifest.xml:148:9-150:40
178            android:name="com.example.gestion_univ.MainEtudiant"
178-->src\main\AndroidManifest.xml:149:13-41
179            android:exported="false" />
179-->src\main\AndroidManifest.xml:150:13-37
180        <activity
180-->src\main\AndroidManifest.xml:151:9-153:40
181            android:name="com.example.gestion_univ.login"
181-->src\main\AndroidManifest.xml:152:13-34
182            android:exported="false" />
182-->src\main\AndroidManifest.xml:153:13-37
183        <activity
183-->src\main\AndroidManifest.xml:154:9-156:40
184            android:name="com.example.gestion_univ.Register"
184-->src\main\AndroidManifest.xml:155:13-37
185            android:exported="false" />
185-->src\main\AndroidManifest.xml:156:13-37
186        <activity
186-->src\main\AndroidManifest.xml:157:9-159:40
187            android:name="com.example.gestion_univ.fnEtudiant"
187-->src\main\AndroidManifest.xml:158:13-39
188            android:exported="false" />
188-->src\main\AndroidManifest.xml:159:13-37
189        <activity
189-->src\main\AndroidManifest.xml:160:9-162:40
190            android:name="com.example.gestion_univ.fnEnseignant"
190-->src\main\AndroidManifest.xml:161:13-41
191            android:exported="false" />
191-->src\main\AndroidManifest.xml:162:13-37
192        <activity
192-->src\main\AndroidManifest.xml:163:9-165:40
193            android:name="com.example.gestion_univ.fn5"
193-->src\main\AndroidManifest.xml:164:13-32
194            android:exported="false" />
194-->src\main\AndroidManifest.xml:165:13-37
195        <activity
195-->src\main\AndroidManifest.xml:166:9-174:20
196            android:name="com.example.gestion_univ.fn4"
196-->src\main\AndroidManifest.xml:167:13-32
197            android:exported="true" >
197-->src\main\AndroidManifest.xml:168:13-36
198            <intent-filter>
198-->src\main\AndroidManifest.xml:169:13-173:29
199                <action android:name="android.intent.action.MAIN" />
199-->src\main\AndroidManifest.xml:170:17-69
199-->src\main\AndroidManifest.xml:170:25-66
200
201                <category android:name="android.intent.category.LAUNCHER" />
201-->src\main\AndroidManifest.xml:172:17-77
201-->src\main\AndroidManifest.xml:172:27-74
202            </intent-filter>
203        </activity>
204        <activity
204-->src\main\AndroidManifest.xml:175:9-177:40
205            android:name="com.example.gestion_univ.fn3"
205-->src\main\AndroidManifest.xml:176:13-32
206            android:exported="false" />
206-->src\main\AndroidManifest.xml:177:13-37
207        <activity
207-->src\main\AndroidManifest.xml:178:9-180:40
208            android:name="com.example.gestion_univ.fen2"
208-->src\main\AndroidManifest.xml:179:13-33
209            android:exported="false" />
209-->src\main\AndroidManifest.xml:180:13-37
210        <activity
210-->src\main\AndroidManifest.xml:181:9-183:40
211            android:name="com.example.gestion_univ.MainActivity"
211-->src\main\AndroidManifest.xml:182:13-41
212            android:exported="false" />
212-->src\main\AndroidManifest.xml:183:13-37
213
214        <meta-data
214-->src\main\AndroidManifest.xml:185:9-187:57
215            android:name="preloaded_fonts"
215-->src\main\AndroidManifest.xml:186:13-43
216            android:resource="@array/preloaded_fonts" />
216-->src\main\AndroidManifest.xml:187:13-54
217
218        <service
218-->src\main\AndroidManifest.xml:189:9-194:19
219            android:name="com.example.gestion_univ.FCMNotificationService"
219-->src\main\AndroidManifest.xml:189:18-56
220            android:exported="false" >
220-->src\main\AndroidManifest.xml:190:18-42
221            <intent-filter>
221-->src\main\AndroidManifest.xml:191:13-193:29
222                <action android:name="com.google.firebase.MESSAGING_EVENT" />
222-->src\main\AndroidManifest.xml:192:17-77
222-->src\main\AndroidManifest.xml:192:25-75
223            </intent-filter>
224        </service>
225
226        <activity
226-->[com.google.firebase:firebase-auth:22.3.1] AndroidManifest.xml:29:9-46:20
227            android:name="com.google.firebase.auth.internal.GenericIdpActivity"
227-->[com.google.firebase:firebase-auth:22.3.1] AndroidManifest.xml:30:13-80
228            android:excludeFromRecents="true"
228-->[com.google.firebase:firebase-auth:22.3.1] AndroidManifest.xml:31:13-46
229            android:exported="true"
229-->[com.google.firebase:firebase-auth:22.3.1] AndroidManifest.xml:32:13-36
230            android:launchMode="singleTask"
230-->[com.google.firebase:firebase-auth:22.3.1] AndroidManifest.xml:33:13-44
231            android:theme="@android:style/Theme.Translucent.NoTitleBar" >
231-->[com.google.firebase:firebase-auth:22.3.1] AndroidManifest.xml:34:13-72
232            <intent-filter>
232-->[com.google.firebase:firebase-auth:22.3.1] AndroidManifest.xml:35:13-45:29
233                <action android:name="android.intent.action.VIEW" />
233-->[com.google.firebase:firebase-auth:22.3.1] AndroidManifest.xml:36:17-69
233-->[com.google.firebase:firebase-auth:22.3.1] AndroidManifest.xml:36:25-66
234
235                <category android:name="android.intent.category.DEFAULT" />
235-->[com.google.firebase:firebase-auth:22.3.1] AndroidManifest.xml:38:17-76
235-->[com.google.firebase:firebase-auth:22.3.1] AndroidManifest.xml:38:27-73
236                <category android:name="android.intent.category.BROWSABLE" />
236-->[com.google.firebase:firebase-auth:22.3.1] AndroidManifest.xml:39:17-78
236-->[com.google.firebase:firebase-auth:22.3.1] AndroidManifest.xml:39:27-75
237
238                <data
238-->[com.google.firebase:firebase-auth:22.3.1] AndroidManifest.xml:41:17-44:51
239                    android:host="firebase.auth"
239-->[com.google.firebase:firebase-auth:22.3.1] AndroidManifest.xml:42:21-49
240                    android:path="/"
240-->[com.google.firebase:firebase-auth:22.3.1] AndroidManifest.xml:43:21-37
241                    android:scheme="genericidp" />
241-->[com.google.firebase:firebase-auth:22.3.1] AndroidManifest.xml:44:21-48
242            </intent-filter>
243        </activity>
244        <activity
244-->[com.google.firebase:firebase-auth:22.3.1] AndroidManifest.xml:47:9-64:20
245            android:name="com.google.firebase.auth.internal.RecaptchaActivity"
245-->[com.google.firebase:firebase-auth:22.3.1] AndroidManifest.xml:48:13-79
246            android:excludeFromRecents="true"
246-->[com.google.firebase:firebase-auth:22.3.1] AndroidManifest.xml:49:13-46
247            android:exported="true"
247-->[com.google.firebase:firebase-auth:22.3.1] AndroidManifest.xml:50:13-36
248            android:launchMode="singleTask"
248-->[com.google.firebase:firebase-auth:22.3.1] AndroidManifest.xml:51:13-44
249            android:theme="@android:style/Theme.Translucent.NoTitleBar" >
249-->[com.google.firebase:firebase-auth:22.3.1] AndroidManifest.xml:52:13-72
250            <intent-filter>
250-->[com.google.firebase:firebase-auth:22.3.1] AndroidManifest.xml:53:13-63:29
251                <action android:name="android.intent.action.VIEW" />
251-->[com.google.firebase:firebase-auth:22.3.1] AndroidManifest.xml:36:17-69
251-->[com.google.firebase:firebase-auth:22.3.1] AndroidManifest.xml:36:25-66
252
253                <category android:name="android.intent.category.DEFAULT" />
253-->[com.google.firebase:firebase-auth:22.3.1] AndroidManifest.xml:38:17-76
253-->[com.google.firebase:firebase-auth:22.3.1] AndroidManifest.xml:38:27-73
254                <category android:name="android.intent.category.BROWSABLE" />
254-->[com.google.firebase:firebase-auth:22.3.1] AndroidManifest.xml:39:17-78
254-->[com.google.firebase:firebase-auth:22.3.1] AndroidManifest.xml:39:27-75
255
256                <data
256-->[com.google.firebase:firebase-auth:22.3.1] AndroidManifest.xml:41:17-44:51
257                    android:host="firebase.auth"
257-->[com.google.firebase:firebase-auth:22.3.1] AndroidManifest.xml:42:21-49
258                    android:path="/"
258-->[com.google.firebase:firebase-auth:22.3.1] AndroidManifest.xml:43:21-37
259                    android:scheme="recaptcha" />
259-->[com.google.firebase:firebase-auth:22.3.1] AndroidManifest.xml:44:21-48
260            </intent-filter>
261        </activity>
262
263        <service
263-->[com.google.firebase:firebase-auth:22.3.1] AndroidManifest.xml:66:9-72:19
264            android:name="com.google.firebase.components.ComponentDiscoveryService"
264-->[com.google.firebase:firebase-auth:22.3.1] AndroidManifest.xml:67:13-84
265            android:directBootAware="true"
265-->[com.google.firebase:firebase-common:20.4.3] AndroidManifest.xml:32:13-43
266            android:exported="false" >
266-->[com.google.firebase:firebase-auth:22.3.1] AndroidManifest.xml:68:13-37
267            <meta-data
267-->[com.google.firebase:firebase-auth:22.3.1] AndroidManifest.xml:69:13-71:85
268                android:name="com.google.firebase.components:com.google.firebase.auth.FirebaseAuthRegistrar"
268-->[com.google.firebase:firebase-auth:22.3.1] AndroidManifest.xml:70:17-109
269                android:value="com.google.firebase.components.ComponentRegistrar" />
269-->[com.google.firebase:firebase-auth:22.3.1] AndroidManifest.xml:71:17-82
270            <meta-data
270-->[com.google.firebase:firebase-firestore:24.11.1] AndroidManifest.xml:17:13-19:85
271                android:name="com.google.firebase.components:com.google.firebase.firestore.FirebaseFirestoreKtxRegistrar"
271-->[com.google.firebase:firebase-firestore:24.11.1] AndroidManifest.xml:18:17-122
272                android:value="com.google.firebase.components.ComponentRegistrar" />
272-->[com.google.firebase:firebase-firestore:24.11.1] AndroidManifest.xml:19:17-82
273            <meta-data
273-->[com.google.firebase:firebase-firestore:24.11.1] AndroidManifest.xml:20:13-22:85
274                android:name="com.google.firebase.components:com.google.firebase.firestore.FirestoreRegistrar"
274-->[com.google.firebase:firebase-firestore:24.11.1] AndroidManifest.xml:21:17-111
275                android:value="com.google.firebase.components.ComponentRegistrar" />
275-->[com.google.firebase:firebase-firestore:24.11.1] AndroidManifest.xml:22:17-82
276            <meta-data
276-->[com.google.firebase:firebase-database:20.3.1] AndroidManifest.xml:29:13-31:85
277                android:name="com.google.firebase.components:com.google.firebase.database.FirebaseDatabaseKtxRegistrar"
277-->[com.google.firebase:firebase-database:20.3.1] AndroidManifest.xml:30:17-120
278                android:value="com.google.firebase.components.ComponentRegistrar" />
278-->[com.google.firebase:firebase-database:20.3.1] AndroidManifest.xml:31:17-82
279            <meta-data
279-->[com.google.firebase:firebase-database:20.3.1] AndroidManifest.xml:32:13-34:85
280                android:name="com.google.firebase.components:com.google.firebase.database.DatabaseRegistrar"
280-->[com.google.firebase:firebase-database:20.3.1] AndroidManifest.xml:33:17-109
281                android:value="com.google.firebase.components.ComponentRegistrar" />
281-->[com.google.firebase:firebase-database:20.3.1] AndroidManifest.xml:34:17-82
282            <meta-data
282-->[com.google.firebase:firebase-storage:20.3.0] AndroidManifest.xml:30:13-32:85
283                android:name="com.google.firebase.components:com.google.firebase.storage.FirebaseStorageKtxRegistrar"
283-->[com.google.firebase:firebase-storage:20.3.0] AndroidManifest.xml:31:17-118
284                android:value="com.google.firebase.components.ComponentRegistrar" />
284-->[com.google.firebase:firebase-storage:20.3.0] AndroidManifest.xml:32:17-82
285            <meta-data
285-->[com.google.firebase:firebase-storage:20.3.0] AndroidManifest.xml:33:13-35:85
286                android:name="com.google.firebase.components:com.google.firebase.storage.StorageRegistrar"
286-->[com.google.firebase:firebase-storage:20.3.0] AndroidManifest.xml:34:17-107
287                android:value="com.google.firebase.components.ComponentRegistrar" />
287-->[com.google.firebase:firebase-storage:20.3.0] AndroidManifest.xml:35:17-82
288            <meta-data
288-->[com.google.firebase:firebase-appcheck:17.1.2] AndroidManifest.xml:25:13-27:85
289                android:name="com.google.firebase.components:com.google.firebase.appcheck.FirebaseAppCheckKtxRegistrar"
289-->[com.google.firebase:firebase-appcheck:17.1.2] AndroidManifest.xml:26:17-120
290                android:value="com.google.firebase.components.ComponentRegistrar" />
290-->[com.google.firebase:firebase-appcheck:17.1.2] AndroidManifest.xml:27:17-82
291            <meta-data
291-->[com.google.firebase:firebase-appcheck:17.1.2] AndroidManifest.xml:28:13-30:85
292                android:name="com.google.firebase.components:com.google.firebase.appcheck.FirebaseAppCheckRegistrar"
292-->[com.google.firebase:firebase-appcheck:17.1.2] AndroidManifest.xml:29:17-117
293                android:value="com.google.firebase.components.ComponentRegistrar" />
293-->[com.google.firebase:firebase-appcheck:17.1.2] AndroidManifest.xml:30:17-82
294            <meta-data
294-->[com.google.firebase:firebase-common-ktx:20.4.3] AndroidManifest.xml:12:13-14:85
295                android:name="com.google.firebase.components:com.google.firebase.ktx.FirebaseCommonLegacyRegistrar"
295-->[com.google.firebase:firebase-common-ktx:20.4.3] AndroidManifest.xml:13:17-116
296                android:value="com.google.firebase.components.ComponentRegistrar" />
296-->[com.google.firebase:firebase-common-ktx:20.4.3] AndroidManifest.xml:14:17-82
297            <meta-data
297-->[com.google.firebase:firebase-common:20.4.3] AndroidManifest.xml:35:13-37:85
298                android:name="com.google.firebase.components:com.google.firebase.FirebaseCommonKtxRegistrar"
298-->[com.google.firebase:firebase-common:20.4.3] AndroidManifest.xml:36:17-109
299                android:value="com.google.firebase.components.ComponentRegistrar" />
299-->[com.google.firebase:firebase-common:20.4.3] AndroidManifest.xml:37:17-82
300        </service>
301
302        <activity